  [1m[35m (280.7ms)[0m  [1m[35mCREATE DATABASE "RedditClone_development" ENCODING = 'unicode'[0m
  [1m[35m (259.2ms)[0m  [1m[35mCREATE DATABASE "RedditClone_test" ENCODING = 'unicode'[0m
  [1m[35m (11.4ms)[0m  [1m[35mCREATE TABLE "schema_migrations" ("version" character varying NOT NULL PRIMARY KEY)[0m
  [1m[35m (3.8ms)[0m  [1m[35mCREATE TABLE "ar_internal_metadata" ("key" character varying NOT NULL PRIMARY KEY, "value" character varying, "created_at" timestamp(6) NOT NULL, "updated_at" timestamp(6) NOT NULL)[0m
  [1m[35m (1.0ms)[0m  [1m[34mSELECT pg_try_advisory_lock(6711173107426626090)[0m
  [1m[35m (0.8ms)[0m  [1m[34mSELECT "schema_migrations"."version" FROM "schema_migrations" ORDER BY "schema_migrations"."version" ASC[0m
Migrating to CreateUsers (20191007174812)
  [1m[35m (0.2ms)[0m  [1m[35mBEGIN[0m
  [1m[35m (6.3ms)[0m  [1m[35mCREATE TABLE "users" ("id" bigserial primary key, "username" character varying NOT NULL, "password_digest" character varying NOT NULL, "session_token" character varying NOT NULL, "created_at" timestamp(6) NOT NULL, "updated_at" timestamp(6) NOT NULL)[0m
  [1m[35m (1.2ms)[0m  [1m[35mCREATE UNIQUE INDEX  "index_users_on_username" ON "users"  ("username")[0m
  [1m[35m (1.6ms)[0m  [1m[35mCREATE UNIQUE INDEX  "index_users_on_session_token" ON "users"  ("session_token")[0m
  [1m[36mprimary::SchemaMigration Create (2.4ms)[0m  [1m[32mINSERT INTO "schema_migrations" ("version") VALUES ($1) RETURNING "version"[0m  [["version", "20191007174812"]]
  [1m[35m (1.9ms)[0m  [1m[35mCOMMIT[0m
  [1m[36mActiveRecord::InternalMetadata Load (0.6ms)[0m  [1m[34mSELECT "ar_internal_metadata".* FROM "ar_internal_metadata" WHERE "ar_internal_metadata"."key" = $1 LIMIT $2[0m  [["key", "environment"], ["LIMIT", 1]]
  [1m[35m (1.1ms)[0m  [1m[35mBEGIN[0m
  [1m[36mActiveRecord::InternalMetadata Create (2.2ms)[0m  [1m[32mINSERT INTO "ar_internal_metadata" ("key", "value", "created_at", "updated_at") VALUES ($1, $2, $3, $4) RETURNING "key"[0m  [["key", "environment"], ["value", "development"], ["created_at", "2019-10-07 17:50:19.612997"], ["updated_at", "2019-10-07 17:50:19.612997"]]
  [1m[35m (0.5ms)[0m  [1m[35mCOMMIT[0m
  [1m[35m (0.6ms)[0m  [1m[34mSELECT pg_advisory_unlock(6711173107426626090)[0m
  [1m[35m (1.7ms)[0m  [1m[34mSELECT "schema_migrations"."version" FROM "schema_migrations" ORDER BY "schema_migrations"."version" ASC[0m
  [1m[35m (0.4ms)[0m  [1m[34mSELECT pg_try_advisory_lock(6711173107426626090)[0m
  [1m[35m (1.1ms)[0m  [1m[34mSELECT "schema_migrations"."version" FROM "schema_migrations" ORDER BY "schema_migrations"."version" ASC[0m
Migrating to CreateSubs (20191007180832)
  [1m[35m (0.2ms)[0m  [1m[35mBEGIN[0m
  [1m[35m (6.9ms)[0m  [1m[35mCREATE TABLE "subs" ("id" bigserial primary key, "title" character varying NOT NULL, "description" text NOT NULL, "user_id" integer NOT NULL, "created_at" timestamp(6) NOT NULL, "updated_at" timestamp(6) NOT NULL)[0m
  [1m[35m (32.5ms)[0m  [1m[35mCREATE  INDEX  "index_subs_on_title" ON "subs"  ("title")[0m
  [1m[35m (17.5ms)[0m  [1m[35mCREATE  INDEX  "index_subs_on_user_id" ON "subs"  ("user_id")[0m
  [1m[35m (21.5ms)[0m  [1m[35mCREATE UNIQUE INDEX  "index_subs_on_user_id_and_title" ON "subs"  ("user_id", "title")[0m
  [1m[36mprimary::SchemaMigration Create (0.9ms)[0m  [1m[32mINSERT INTO "schema_migrations" ("version") VALUES ($1) RETURNING "version"[0m  [["version", "20191007180832"]]
  [1m[35m (20.3ms)[0m  [1m[35mCOMMIT[0m
  [1m[36mActiveRecord::InternalMetadata Load (0.6ms)[0m  [1m[34mSELECT "ar_internal_metadata".* FROM "ar_internal_metadata" WHERE "ar_internal_metadata"."key" = $1 LIMIT $2[0m  [["key", "environment"], ["LIMIT", 1]]
  [1m[35m (0.4ms)[0m  [1m[34mSELECT pg_advisory_unlock(6711173107426626090)[0m
  [1m[35m (1.1ms)[0m  [1m[34mSELECT "schema_migrations"."version" FROM "schema_migrations" ORDER BY "schema_migrations"."version" ASC[0m
  [1m[35m (0.3ms)[0m  [1m[34mSELECT pg_try_advisory_lock(6711173107426626090)[0m
  [1m[35m (2.0ms)[0m  [1m[34mSELECT "schema_migrations"."version" FROM "schema_migrations" ORDER BY "schema_migrations"."version" ASC[0m
Migrating to CreatePosts (20191007185734)
  [1m[35m (0.2ms)[0m  [1m[35mBEGIN[0m
  [1m[35m (65.4ms)[0m  [1m[35mCREATE TABLE "posts" ("id" bigserial primary key, "title" character varying NOT NULL, "url" character varying, "content" text, "sub_id" integer NOT NULL, "user_id" integer NOT NULL, "created_at" timestamp(6) NOT NULL, "updated_at" timestamp(6) NOT NULL)[0m
  [1m[35m (21.8ms)[0m  [1m[35mCREATE  INDEX  "index_posts_on_title" ON "posts"  ("title")[0m
  [1m[35m (27.7ms)[0m  [1m[35mCREATE  INDEX  "index_posts_on_sub_id" ON "posts"  ("sub_id")[0m
  [1m[35m (31.7ms)[0m  [1m[31mROLLBACK[0m
  [1m[35m (0.5ms)[0m  [1m[34mSELECT pg_advisory_unlock(6711173107426626090)[0m
  [1m[35m (0.5ms)[0m  [1m[34mSELECT pg_try_advisory_lock(6711173107426626090)[0m
  [1m[35m (1.2ms)[0m  [1m[34mSELECT "schema_migrations"."version" FROM "schema_migrations" ORDER BY "schema_migrations"."version" ASC[0m
Migrating to CreatePosts (20191007185734)
  [1m[35m (0.2ms)[0m  [1m[35mBEGIN[0m
  [1m[35m (9.3ms)[0m  [1m[35mCREATE TABLE "posts" ("id" bigserial primary key, "title" character varying NOT NULL, "url" character varying, "content" text, "sub_id" integer NOT NULL, "user_id" integer NOT NULL, "created_at" timestamp(6) NOT NULL, "updated_at" timestamp(6) NOT NULL)[0m
  [1m[35m (26.4ms)[0m  [1m[35mCREATE  INDEX  "index_posts_on_title" ON "posts"  ("title")[0m
  [1m[35m (27.4ms)[0m  [1m[35mCREATE  INDEX  "index_posts_on_sub_id" ON "posts"  ("sub_id")[0m
  [1m[35m (24.0ms)[0m  [1m[35mCREATE UNIQUE INDEX  "index_posts_on_url" ON "posts"  ("url")[0m
  [1m[35m (24.7ms)[0m  [1m[35mCREATE  INDEX  "index_posts_on_user_id" ON "posts"  ("user_id")[0m
  [1m[36mprimary::SchemaMigration Create (0.7ms)[0m  [1m[32mINSERT INTO "schema_migrations" ("version") VALUES ($1) RETURNING "version"[0m  [["version", "20191007185734"]]
  [1m[35m (18.0ms)[0m  [1m[35mCOMMIT[0m
  [1m[36mActiveRecord::InternalMetadata Load (0.6ms)[0m  [1m[34mSELECT "ar_internal_metadata".* FROM "ar_internal_metadata" WHERE "ar_internal_metadata"."key" = $1 LIMIT $2[0m  [["key", "environment"], ["LIMIT", 1]]
  [1m[35m (0.5ms)[0m  [1m[34mSELECT pg_advisory_unlock(6711173107426626090)[0m
  [1m[35m (2.2ms)[0m  [1m[34mSELECT "schema_migrations"."version" FROM "schema_migrations" ORDER BY "schema_migrations"."version" ASC[0m
Started GET "/" for ::1 at 2019-10-07 14:14:55 -0700
  [1m[35m (1.4ms)[0m  [1m[34mSELECT "schema_migrations"."version" FROM "schema_migrations" ORDER BY "schema_migrations"."version" ASC[0m
Processing by Rails::WelcomeController#index as HTML
  Rendering /Users/appacademy/.rbenv/versions/2.5.1/lib/ruby/gems/2.5.0/gems/railties-6.0.0/lib/rails/templates/rails/welcome/index.html.erb
  Rendered /Users/appacademy/.rbenv/versions/2.5.1/lib/ruby/gems/2.5.0/gems/railties-6.0.0/lib/rails/templates/rails/welcome/index.html.erb (Duration: 11.6ms | Allocations: 486)
Completed 200 OK in 18ms (Views: 15.0ms | ActiveRecord: 0.0ms | Allocations: 2659)


Started GET "/users/new" for ::1 at 2019-10-07 14:15:03 -0700
Processing by UsersController#new as HTML
  Rendering users/new.html.erb within layouts/application
  Rendered users/new.html.erb within layouts/application (Duration: 11.1ms | Allocations: 331)
[Webpacker] Compiling…
[Webpacker] Compilation failed:
/Users/appacademy/.rbenv/versions/2.5.1/bin/ruby: No such file or directory -- ./bin/webpack (LoadError)


Completed 500 Internal Server Error in 386ms (ActiveRecord: 9.0ms | Allocations: 315058)


  
ActionView::Template::Error (Webpacker can't find application.js in /Users/appacademy/Downloads/W8D1/RedditClone/public/packs/manifest.json. Possible causes:
1. You want to set webpacker.yml value of compile to true for your environment
   unless you are using the `webpack -w` or the webpack-dev-server.
2. webpack has not yet re-run to reflect updates.
3. You have misconfigured Webpacker's config/webpacker.yml file.
4. Your webpack configuration is not creating a manifest.
Your manifest contains:
{
}
):
     6:     <%= csp_meta_tag %>
     7: 
     8:     <%= stylesheet_link_tag 'application', media: 'all' %>
     9:     <%= javascript_pack_tag 'application' %>
    10:   </head>
    11: 
    12:   <body>
  
app/views/layouts/application.html.erb:9
app/controllers/users_controller.rb:4:in `new'
Started GET "/session/new" for ::1 at 2019-10-07 14:15:30 -0700
Processing by SessionsController#new as HTML
  Rendering sessions/new.html.erb within layouts/application
  Rendered sessions/new.html.erb within layouts/application (Duration: 1.2ms | Allocations: 285)
[Webpacker] Compiling…
[Webpacker] Compilation failed:
/Users/appacademy/.rbenv/versions/2.5.1/bin/ruby: No such file or directory -- ./bin/webpack (LoadError)


Completed 500 Internal Server Error in 176ms (ActiveRecord: 0.0ms | Allocations: 10374)


  
ActionView::Template::Error (Webpacker can't find application.js in /Users/appacademy/Downloads/W8D1/RedditClone/public/packs/manifest.json. Possible causes:
1. You want to set webpacker.yml value of compile to true for your environment
   unless you are using the `webpack -w` or the webpack-dev-server.
2. webpack has not yet re-run to reflect updates.
3. You have misconfigured Webpacker's config/webpacker.yml file.
4. Your webpack configuration is not creating a manifest.
Your manifest contains:
{
}
):
     6:     <%= csp_meta_tag %>
     7: 
     8:     <%= stylesheet_link_tag 'application', media: 'all' %>
     9:     <%= javascript_pack_tag 'application' %>
    10:   </head>
    11: 
    12:   <body>
  
app/views/layouts/application.html.erb:9
Started GET "/session/new" for ::1 at 2019-10-07 14:17:34 -0700
  [1m[35m (1.4ms)[0m  [1m[34mSELECT "schema_migrations"."version" FROM "schema_migrations" ORDER BY "schema_migrations"."version" ASC[0m
Processing by SessionsController#new as HTML
  Rendering sessions/new.html.erb within layouts/application
  Rendered sessions/new.html.erb within layouts/application (Duration: 9.8ms | Allocations: 615)
[Webpacker] Compiling…
[Webpacker] Compilation failed:
/Users/appacademy/.rbenv/versions/2.5.1/bin/ruby: No such file or directory -- ./bin/webpack (LoadError)


Completed 500 Internal Server Error in 321ms (ActiveRecord: 0.0ms | Allocations: 297905)


  
ActionView::Template::Error (Webpacker can't find application.js in /Users/appacademy/Downloads/W8D1/RedditClone/public/packs/manifest.json. Possible causes:
1. You want to set webpacker.yml value of compile to true for your environment
   unless you are using the `webpack -w` or the webpack-dev-server.
2. webpack has not yet re-run to reflect updates.
3. You have misconfigured Webpacker's config/webpacker.yml file.
4. Your webpack configuration is not creating a manifest.
Your manifest contains:
{
}
):
     6:     <%= csp_meta_tag %>
     7: 
     8:     <%= stylesheet_link_tag 'application', media: 'all' %>
     9:     <%= javascript_pack_tag 'application' %>
    10:   </head>
    11: 
    12:   <body>
  
app/views/layouts/application.html.erb:9
Started GET "/session/new" for ::1 at 2019-10-07 14:17:37 -0700
Processing by SessionsController#new as HTML
  Rendering sessions/new.html.erb within layouts/application
  Rendered sessions/new.html.erb within layouts/application (Duration: 0.7ms | Allocations: 153)
[Webpacker] Compiling…
[Webpacker] Compilation failed:
/Users/appacademy/.rbenv/versions/2.5.1/bin/ruby: No such file or directory -- ./bin/webpack (LoadError)


Completed 500 Internal Server Error in 140ms (ActiveRecord: 0.0ms | Allocations: 9669)


  
ActionView::Template::Error (Webpacker can't find application.js in /Users/appacademy/Downloads/W8D1/RedditClone/public/packs/manifest.json. Possible causes:
1. You want to set webpacker.yml value of compile to true for your environment
   unless you are using the `webpack -w` or the webpack-dev-server.
2. webpack has not yet re-run to reflect updates.
3. You have misconfigured Webpacker's config/webpacker.yml file.
4. Your webpack configuration is not creating a manifest.
Your manifest contains:
{
}
):
     6:     <%= csp_meta_tag %>
     7: 
     8:     <%= stylesheet_link_tag 'application', media: 'all' %>
     9:     <%= javascript_pack_tag 'application' %>
    10:   </head>
    11: 
    12:   <body>
  
app/views/layouts/application.html.erb:9
Started GET "/session/new" for ::1 at 2019-10-07 14:53:51 -0700
  [1m[35m (1.7ms)[0m  [1m[34mSELECT "schema_migrations"."version" FROM "schema_migrations" ORDER BY "schema_migrations"."version" ASC[0m
  ↳ /Users/appacademy/.rbenv/versions/2.5.1/lib/ruby/gems/2.5.0/gems/activerecord-5.2.3/lib/active_record/log_subscriber.rb:98
Processing by SessionsController#new as HTML
  Rendering sessions/new.html.erb within layouts/application
  Rendered sessions/new.html.erb within layouts/application (12.5ms)
[Webpacker] Compiling…
[Webpacker] Compilation failed:
/Users/appacademy/.rbenv/versions/2.5.1/bin/ruby: No such file or directory -- ./bin/webpack (LoadError)


Completed 500 Internal Server Error in 422ms (ActiveRecord: 0.0ms)


  
ActionView::Template::Error (Webpacker can't find application.js in /Users/appacademy/Downloads/W8D1/RedditClone/public/packs/manifest.json. Possible causes:
1. You want to set webpacker.yml value of compile to true for your environment
   unless you are using the `webpack -w` or the webpack-dev-server.
2. webpack has not yet re-run to reflect updates.
3. You have misconfigured Webpacker's config/webpacker.yml file.
4. Your webpack configuration is not creating a manifest.
Your manifest contains:
{
}
):
     6:     <%= csp_meta_tag %>
     7: 
     8:     <%= stylesheet_link_tag 'application', media: 'all' %>
     9:     <%= javascript_pack_tag 'application' %>
    10:   </head>
    11: 
    12:   <body>
  
app/views/layouts/application.html.erb:9:in `_app_views_layouts_application_html_erb__2228608044317635189_70113822862340'
Started GET "/" for ::1 at 2019-10-07 15:25:03 -0700
  [1m[35m (1.1ms)[0m  [1m[34mSELECT "schema_migrations"."version" FROM "schema_migrations" ORDER BY "schema_migrations"."version" ASC[0m
  ↳ /Users/appacademy/.rbenv/versions/2.5.1/lib/ruby/gems/2.5.0/gems/activerecord-5.2.3/lib/active_record/log_subscriber.rb:98
Processing by Rails::WelcomeController#index as HTML
  Rendering /Users/appacademy/.rbenv/versions/2.5.1/lib/ruby/gems/2.5.0/gems/railties-5.2.3/lib/rails/templates/rails/welcome/index.html.erb
  Rendered /Users/appacademy/.rbenv/versions/2.5.1/lib/ruby/gems/2.5.0/gems/railties-5.2.3/lib/rails/templates/rails/welcome/index.html.erb (6.9ms)
Completed 200 OK in 25ms (Views: 18.0ms | ActiveRecord: 0.0ms)


Started GET "/session/new" for ::1 at 2019-10-07 15:25:14 -0700
Processing by SessionsController#new as HTML
  Rendering sessions/new.html.erb within layouts/application
  Rendered sessions/new.html.erb within layouts/application (10.7ms)
[Webpacker] Compiling…
[Webpacker] Compilation failed:
/Users/appacademy/.rbenv/versions/2.5.1/bin/ruby: No such file or directory -- ./bin/webpack (LoadError)


Completed 500 Internal Server Error in 400ms (ActiveRecord: 0.0ms)


  
ActionView::Template::Error (Webpacker can't find application.js in /Users/appacademy/Downloads/W8D1/RedditClone/public/packs/manifest.json. Possible causes:
1. You want to set webpacker.yml value of compile to true for your environment
   unless you are using the `webpack -w` or the webpack-dev-server.
2. webpack has not yet re-run to reflect updates.
3. You have misconfigured Webpacker's config/webpacker.yml file.
4. Your webpack configuration is not creating a manifest.
Your manifest contains:
{
}
):
     6:     <%= csp_meta_tag %>
     7: 
     8:     <%= stylesheet_link_tag 'application', media: 'all' %>
     9:     <%= javascript_pack_tag 'application' %>
    10:   </head>
    11: 
    12:   <body>
  
app/views/layouts/application.html.erb:9:in `_app_views_layouts_application_html_erb___4155256789574382623_70267179822660'
Started GET "/session/new" for ::1 at 2019-10-07 15:25:31 -0700
Processing by SessionsController#new as HTML
  Rendering sessions/new.html.erb within layouts/application
  Rendered sessions/new.html.erb within layouts/application (0.9ms)
Completed 200 OK in 13ms (Views: 10.0ms | ActiveRecord: 0.0ms)


Started POST "/session" for ::1 at 2019-10-07 15:26:08 -0700
Processing by SessionsController#create as HTML
  Parameters: {"authenticity_token"=>"L4DOXNIxV0fbOofTl+gdXP2WAybH0lq1DwQEIic/3+cJqj/2+jn45BuEKl0mUisdr8bEUhfmopswc7xKFbc4ag==", "user"=>{"username"=>"", "password"=>"[FILTERED]"}}
  [1m[36mUser Load (3.3ms)[0m  [1m[34mSELECT  "users".* FROM "users" WHERE "users"."username" = $1 LIMIT $2[0m  [["username", ""], ["LIMIT", 1]]
  ↳ app/models/user.rb:19
  Rendering sessions/new.html.erb within layouts/application
  Rendered sessions/new.html.erb within layouts/application (1.0ms)
Completed 200 OK in 39ms (Views: 8.2ms | ActiveRecord: 9.4ms)


Started GET "/session" for ::1 at 2019-10-07 15:26:11 -0700
  
ActionController::RoutingError (No route matches [GET] "/session"):
  
actionpack (5.2.3) lib/action_dispatch/middleware/debug_exceptions.rb:65:in `call'
web-console (3.7.0) lib/web_console/middleware.rb:135:in `call_app'
web-console (3.7.0) lib/web_console/middleware.rb:30:in `block in call'
web-console (3.7.0) lib/web_console/middleware.rb:20:in `catch'
web-console (3.7.0) lib/web_console/middleware.rb:20:in `call'
actionpack (5.2.3) lib/action_dispatch/middleware/show_exceptions.rb:33:in `call'
railties (5.2.3) lib/rails/rack/logger.rb:38:in `call_app'
railties (5.2.3) lib/rails/rack/logger.rb:26:in `block in call'
activesupport (5.2.3) lib/active_support/tagged_logging.rb:71:in `block in tagged'
activesupport (5.2.3) lib/active_support/tagged_logging.rb:28:in `tagged'
activesupport (5.2.3) lib/active_support/tagged_logging.rb:71:in `tagged'
railties (5.2.3) lib/rails/rack/logger.rb:26:in `call'
sprockets-rails (3.2.1) lib/sprockets/rails/quiet_assets.rb:13:in `call'
actionpack (5.2.3) lib/action_dispatch/middleware/remote_ip.rb:81:in `call'
actionpack (5.2.3) lib/action_dispatch/middleware/request_id.rb:27:in `call'
rack (2.0.7) lib/rack/method_override.rb:22:in `call'
rack (2.0.7) lib/rack/runtime.rb:22:in `call'
activesupport (5.2.3) lib/active_support/cache/strategy/local_cache_middleware.rb:29:in `call'
actionpack (5.2.3) lib/action_dispatch/middleware/executor.rb:14:in `call'
actionpack (5.2.3) lib/action_dispatch/middleware/static.rb:127:in `call'
rack (2.0.7) lib/rack/sendfile.rb:111:in `call'
webpacker (3.6.0) lib/webpacker/dev_server_proxy.rb:22:in `perform_request'
rack-proxy (0.6.5) lib/rack/proxy.rb:57:in `call'
railties (5.2.3) lib/rails/engine.rb:524:in `call'
puma (3.12.1) lib/puma/configuration.rb:227:in `call'
puma (3.12.1) lib/puma/server.rb:660:in `handle_request'
puma (3.12.1) lib/puma/server.rb:474:in `process_client'
puma (3.12.1) lib/puma/server.rb:334:in `block in run'
puma (3.12.1) lib/puma/thread_pool.rb:135:in `block in spawn_thread'
Started GET "/users/new" for ::1 at 2019-10-07 15:26:15 -0700
Processing by UsersController#new as HTML
  Rendering users/new.html.erb within layouts/application
  Rendered users/new.html.erb within layouts/application (4.0ms)
Completed 200 OK in 64ms (Views: 13.0ms | ActiveRecord: 10.1ms)


Started POST "/users" for ::1 at 2019-10-07 15:26:26 -0700
Processing by UsersController#create as HTML
  Parameters: {"authenticity_token"=>"8hrBREs2FpVpQ36v59HXaeVlQfs6f2sbgRYtKMCf4fzUMDDuYz65Nqn90yFWa+EotzWGj+pLkzW+YZVA8hcGcQ==", "user"=>{"username"=>"a", "password"=>"[FILTERED]"}}
Completed 500 Internal Server Error in 8ms (ActiveRecord: 0.0ms)


  
NameError (uninitialized constant User::BCrypt):
  
app/models/user.rb:25:in `password='
app/controllers/users_controller.rb:8:in `create'
Started POST "/users" for ::1 at 2019-10-07 15:27:19 -0700
Processing by UsersController#create as HTML
  Parameters: {"authenticity_token"=>"8hrBREs2FpVpQ36v59HXaeVlQfs6f2sbgRYtKMCf4fzUMDDuYz65Nqn90yFWa+EotzWGj+pLkzW+YZVA8hcGcQ==", "user"=>{"username"=>"a", "password"=>"[FILTERED]"}}
Completed 500 Internal Server Error in 5ms (ActiveRecord: 0.0ms)


  
NameError (uninitialized constant User::BCrypt):
  
app/models/user.rb:25:in `password='
app/controllers/users_controller.rb:8:in `create'
Started GET "/users" for ::1 at 2019-10-07 15:27:45 -0700
  [1m[35m (1.1ms)[0m  [1m[34mSELECT "schema_migrations"."version" FROM "schema_migrations" ORDER BY "schema_migrations"."version" ASC[0m
  ↳ /Users/appacademy/.rbenv/versions/2.5.1/lib/ruby/gems/2.5.0/gems/activerecord-5.2.3/lib/active_record/log_subscriber.rb:98
  
ActionController::RoutingError (No route matches [GET] "/users"):
  
actionpack (5.2.3) lib/action_dispatch/middleware/debug_exceptions.rb:65:in `call'
web-console (3.7.0) lib/web_console/middleware.rb:135:in `call_app'
web-console (3.7.0) lib/web_console/middleware.rb:30:in `block in call'
web-console (3.7.0) lib/web_console/middleware.rb:20:in `catch'
web-console (3.7.0) lib/web_console/middleware.rb:20:in `call'
actionpack (5.2.3) lib/action_dispatch/middleware/show_exceptions.rb:33:in `call'
railties (5.2.3) lib/rails/rack/logger.rb:38:in `call_app'
railties (5.2.3) lib/rails/rack/logger.rb:26:in `block in call'
activesupport (5.2.3) lib/active_support/tagged_logging.rb:71:in `block in tagged'
activesupport (5.2.3) lib/active_support/tagged_logging.rb:28:in `tagged'
activesupport (5.2.3) lib/active_support/tagged_logging.rb:71:in `tagged'
railties (5.2.3) lib/rails/rack/logger.rb:26:in `call'
sprockets-rails (3.2.1) lib/sprockets/rails/quiet_assets.rb:13:in `call'
actionpack (5.2.3) lib/action_dispatch/middleware/remote_ip.rb:81:in `call'
actionpack (5.2.3) lib/action_dispatch/middleware/request_id.rb:27:in `call'
rack (2.0.7) lib/rack/method_override.rb:22:in `call'
rack (2.0.7) lib/rack/runtime.rb:22:in `call'
activesupport (5.2.3) lib/active_support/cache/strategy/local_cache_middleware.rb:29:in `call'
actionpack (5.2.3) lib/action_dispatch/middleware/executor.rb:14:in `call'
actionpack (5.2.3) lib/action_dispatch/middleware/static.rb:127:in `call'
rack (2.0.7) lib/rack/sendfile.rb:111:in `call'
webpacker (3.6.0) lib/webpacker/dev_server_proxy.rb:22:in `perform_request'
rack-proxy (0.6.5) lib/rack/proxy.rb:57:in `call'
railties (5.2.3) lib/rails/engine.rb:524:in `call'
puma (3.12.1) lib/puma/configuration.rb:227:in `call'
puma (3.12.1) lib/puma/server.rb:660:in `handle_request'
puma (3.12.1) lib/puma/server.rb:474:in `process_client'
puma (3.12.1) lib/puma/server.rb:334:in `block in run'
puma (3.12.1) lib/puma/thread_pool.rb:135:in `block in spawn_thread'
Started GET "/users/new" for ::1 at 2019-10-07 15:27:49 -0700
Processing by UsersController#new as HTML
  Rendering users/new.html.erb within layouts/application
  Rendered users/new.html.erb within layouts/application (1.3ms)
Completed 200 OK in 33ms (Views: 6.2ms | ActiveRecord: 9.0ms)


Started POST "/users" for ::1 at 2019-10-07 15:27:52 -0700
Processing by UsersController#create as HTML
  Parameters: {"authenticity_token"=>"ulDcOp4gsKXfCmu1GC2meGmTKuGbfeEL7H7Q/gJyvoGcei2QtigfBh+0xjupl5A5O8PtlUtJGSXTCWiWMPpZDA==", "user"=>{"username"=>"a", "password"=>"[FILTERED]"}}
  [1m[35m (0.2ms)[0m  [1m[35mBEGIN[0m
  ↳ app/controllers/users_controller.rb:9
  [1m[36mUser Exists (1.0ms)[0m  [1m[34mSELECT  1 AS one FROM "users" WHERE "users"."username" = $1 LIMIT $2[0m  [["username", "a"], ["LIMIT", 1]]
  ↳ app/controllers/users_controller.rb:9
  [1m[36mUser Exists (0.5ms)[0m  [1m[34mSELECT  1 AS one FROM "users" WHERE "users"."session_token" = $1 LIMIT $2[0m  [["session_token", "QHei8BcWzBwgNzz4mFem3w"], ["LIMIT", 1]]
  ↳ app/controllers/users_controller.rb:9
  [1m[36mUser Create (1.3ms)[0m  [1m[32mINSERT INTO "users" ("username", "password_digest", "session_token", "created_at", "updated_at") VALUES ($1, $2, $3, $4, $5) RETURNING "id"[0m  [["username", "a"], ["password_digest", "$2a$12$yWSWnj4IF7kyeyfyf3ImZeWgPrJymTszpLqkrVMcHljuGhP7h3ewC"], ["session_token", "QHei8BcWzBwgNzz4mFem3w"], ["created_at", "2019-10-07 22:27:52.939004"], ["updated_at", "2019-10-07 22:27:52.939004"]]
  ↳ app/controllers/users_controller.rb:9
  [1m[35m (1.2ms)[0m  [1m[35mCOMMIT[0m
  ↳ app/controllers/users_controller.rb:9
Redirected to http://localhost:3000/subs
Completed 302 Found in 315ms (ActiveRecord: 4.2ms)


Started GET "/subs" for ::1 at 2019-10-07 15:27:52 -0700
Processing by SubsController#index as HTML
  Rendering subs/index.html.erb within layouts/application
  [1m[36mSub Load (2.4ms)[0m  [1m[34mSELECT "subs".* FROM "subs"[0m
  ↳ app/views/subs/index.html.erb:2
  Rendered subs/index.html.erb within layouts/application (7.9ms)
Completed 200 OK in 20ms (Views: 8.8ms | ActiveRecord: 5.3ms)


  [1m[35m (0.3ms)[0m  [1m[35mBEGIN[0m
  [1m[36mSub Exists (1.7ms)[0m  [1m[34mSELECT  1 AS one FROM "subs" WHERE "subs"."title" = $1 AND "subs"."user_id" = $2 LIMIT $3[0m  [["title", "Hi"], ["user_id", 1], ["LIMIT", 1]]
  [1m[36mUser Load (0.9ms)[0m  [1m[34mSELECT  "users".* FROM "users" WHERE "users"."id" = $1 LIMIT $2[0m  [["id", 1], ["LIMIT", 1]]
  [1m[35m (0.4ms)[0m  [1m[31mROLLBACK[0m
  [1m[35m (0.3ms)[0m  [1m[35mBEGIN[0m
  [1m[36mSub Exists (0.6ms)[0m  [1m[34mSELECT  1 AS one FROM "subs" WHERE "subs"."title" = $1 AND "subs"."user_id" = $2 LIMIT $3[0m  [["title", "Hi"], ["user_id", 1], ["LIMIT", 1]]
  [1m[35m (0.3ms)[0m  [1m[31mROLLBACK[0m
  [1m[35m (0.3ms)[0m  [1m[35mBEGIN[0m
  [1m[36mSub Exists (0.6ms)[0m  [1m[34mSELECT  1 AS one FROM "subs" WHERE "subs"."title" = $1 AND "subs"."user_id" = $2 LIMIT $3[0m  [["title", "Hi"], ["user_id", 1], ["LIMIT", 1]]
  [1m[36mSub Create (1.3ms)[0m  [1m[32mINSERT INTO "subs" ("title", "description", "user_id", "created_at", "updated_at") VALUES ($1, $2, $3, $4, $5) RETURNING "id"[0m  [["title", "Hi"], ["description", "i dont know longboard"], ["user_id", 1], ["created_at", "2019-10-07 23:05:49.157954"], ["updated_at", "2019-10-07 23:05:49.157954"]]
  [1m[35m (0.5ms)[0m  [1m[35mCOMMIT[0m
Started GET "/subs" for ::1 at 2019-10-07 16:05:55 -0700
  [1m[35m (1.0ms)[0m  [1m[34mSELECT "schema_migrations"."version" FROM "schema_migrations" ORDER BY "schema_migrations"."version" ASC[0m
  ↳ /Users/appacademy/.rbenv/versions/2.5.1/lib/ruby/gems/2.5.0/gems/activerecord-5.2.3/lib/active_record/log_subscriber.rb:98
Processing by SubsController#index as HTML
  Rendering subs/index.html.erb within layouts/application
  [1m[36mSub Load (2.0ms)[0m  [1m[34mSELECT "subs".* FROM "subs"[0m
  ↳ app/views/subs/index.html.erb:2
  Rendered subs/index.html.erb within layouts/application (189.8ms)
Completed 500 Internal Server Error in 205ms (ActiveRecord: 13.2ms)


  
ActionView::Template::Error (undefined method `links_to' for #<#<Class:0x00007fbb1d0f54f8>:0x00007fbb1d107888>
Did you mean?  link_to):
    1: INDEX: Page
    2: <% @subs.each do |sub| %>
    3:   <ul>
    4:     <li><%= links_to "#{sub.title}", sub_url(sub) %></li>
    5:     <li><a href="<%= sub_url(sub)%>"><%= sub.title %></a></li>
    6:     <li><%= sub.description %></li>
    7:     <li>Author: <%= sub.author.username %></li>
  
app/views/subs/index.html.erb:4:in `block in _app_views_subs_index_html_erb___3365234548460057576_70220811733360'
app/views/subs/index.html.erb:2:in `_app_views_subs_index_html_erb___3365234548460057576_70220811733360'
app/controllers/subs_controller.rb:22:in `index'
Started GET "/subs" for ::1 at 2019-10-07 16:06:20 -0700
Processing by SubsController#index as HTML
  Rendering subs/index.html.erb within layouts/application
  [1m[36mSub Load (0.5ms)[0m  [1m[34mSELECT "subs".* FROM "subs"[0m
  ↳ app/views/subs/index.html.erb:2
  Rendered subs/index.html.erb within layouts/application (10.2ms)
Completed 500 Internal Server Error in 16ms (ActiveRecord: 0.5ms)


  
ActionView::Template::Error (undefined method `author' for #<Sub:0x00007fbb1aee2b40>):
    4:     <li><%= link_to "#{sub.title}", sub_url(sub) %></li>
    5:     <li><a href="<%= sub_url(sub)%>"><%= sub.title %></a></li>
    6:     <li><%= sub.description %></li>
    7:     <li>Author: <%= sub.author.username %></li>
    8:   </ul>
    9: 
   10: <% end %>
  
app/views/subs/index.html.erb:7:in `block in _app_views_subs_index_html_erb___3365234548460057576_70220794441180'
app/views/subs/index.html.erb:2:in `_app_views_subs_index_html_erb___3365234548460057576_70220794441180'
app/controllers/subs_controller.rb:22:in `index'
Started GET "/subs" for ::1 at 2019-10-07 16:06:56 -0700
Processing by SubsController#index as HTML
  Rendering subs/index.html.erb within layouts/application
  [1m[36mSub Load (0.7ms)[0m  [1m[34mSELECT "subs".* FROM "subs"[0m
  ↳ app/views/subs/index.html.erb:2
  [1m[36mUser Load (0.7ms)[0m  [1m[34mSELECT  "users".* FROM "users" WHERE "users"."id" = $1 LIMIT $2[0m  [["id", 1], ["LIMIT", 1]]
  ↳ app/views/subs/index.html.erb:7
  Rendered subs/index.html.erb within layouts/application (39.8ms)
Completed 200 OK in 47ms (Views: 38.0ms | ActiveRecord: 8.6ms)


Started GET "/subs/1" for ::1 at 2019-10-07 16:07:07 -0700
Processing by SubsController#show as HTML
  Parameters: {"id"=>"1"}
  [1m[36mSub Load (0.6ms)[0m  [1m[34mSELECT  "subs".* FROM "subs" WHERE "subs"."id" = $1 LIMIT $2[0m  [["id", 1], ["LIMIT", 1]]
  ↳ app/controllers/subs_controller.rb:26
Completed 500 Internal Server Error in 6ms (ActiveRecord: 0.6ms)


  
ActionView::MissingTemplate (Missing template subs/show, application/show with {:locale=>[:en], :formats=>[:html], :variants=>[], :handlers=>[:raw, :erb, :html, :builder, :ruby, :jbuilder]}. Searched in:
  * "/Users/appacademy/Downloads/W8D1/RedditClone/app/views"
):
  
app/controllers/subs_controller.rb:27:in `show'
  [1m[35m (0.3ms)[0m  [1m[34mSELECT pg_try_advisory_lock(6711173107426626090)[0m
  ↳ bin/rails:9
  [1m[35m (1.1ms)[0m  [1m[34mSELECT "schema_migrations"."version" FROM "schema_migrations" ORDER BY "schema_migrations"."version" ASC[0m
  ↳ bin/rails:9
Migrating to CreatePostSubs (20191007230929)
  [1m[35m (0.3ms)[0m  [1m[35mBEGIN[0m
  ↳ bin/rails:9
  [1m[35m (35.0ms)[0m  [1m[35mCREATE TABLE "post_subs" ("id" bigserial primary key, "sub_id" integer NOT NULL, "post_id" integer NOT NULL, "created_at" timestamp NOT NULL, "updated_at" timestamp NOT NULL)[0m
  ↳ db/migrate/20191007230929_create_post_subs.rb:3
  [1m[35m (21.2ms)[0m  [1m[35mCREATE UNIQUE INDEX  "index_post_subs_on_sub_id_and_post_id" ON "post_subs"  ("sub_id", "post_id")[0m
  ↳ db/migrate/20191007230929_create_post_subs.rb:9
  [1m[35m (26.1ms)[0m  [1m[35mCREATE  INDEX  "index_post_subs_on_sub_id" ON "post_subs"  ("sub_id")[0m
  ↳ db/migrate/20191007230929_create_post_subs.rb:10
  [1m[35m (24.1ms)[0m  [1m[35mCREATE  INDEX  "index_post_subs_on_post_id" ON "post_subs"  ("post_id")[0m
  ↳ db/migrate/20191007230929_create_post_subs.rb:11
  [1m[36mActiveRecord::SchemaMigration Create (0.6ms)[0m  [1m[32mINSERT INTO "schema_migrations" ("version") VALUES ($1) RETURNING "version"[0m  [["version", "20191007230929"]]
  ↳ bin/rails:9
  [1m[35m (21.7ms)[0m  [1m[35mCOMMIT[0m
  ↳ bin/rails:9
  [1m[36mActiveRecord::InternalMetadata Load (0.7ms)[0m  [1m[34mSELECT  "ar_internal_metadata".* FROM "ar_internal_metadata" WHERE "ar_internal_metadata"."key" = $1 LIMIT $2[0m  [["key", "environment"], ["LIMIT", 1]]
  ↳ bin/rails:9
  [1m[35m (0.2ms)[0m  [1m[35mBEGIN[0m
  ↳ bin/rails:9
  [1m[35m (0.1ms)[0m  [1m[35mCOMMIT[0m
  ↳ bin/rails:9
  [1m[35m (0.3ms)[0m  [1m[34mSELECT pg_advisory_unlock(6711173107426626090)[0m
  ↳ bin/rails:9
  [1m[35m (0.3ms)[0m  [1m[34mSELECT "schema_migrations"."version" FROM "schema_migrations" ORDER BY "schema_migrations"."version" ASC[0m
  ↳ bin/rails:9
Started GET "/subs" for ::1 at 2019-10-07 16:27:20 -0700
  [1m[35m (2.2ms)[0m  [1m[34mSELECT "schema_migrations"."version" FROM "schema_migrations" ORDER BY "schema_migrations"."version" ASC[0m
  ↳ /Users/appacademy/.rbenv/versions/2.5.1/lib/ruby/gems/2.5.0/gems/activerecord-5.2.3/lib/active_record/log_subscriber.rb:98
Processing by SubsController#index as HTML
  Rendering subs/index.html.erb within layouts/application
  [1m[36mSub Load (1.0ms)[0m  [1m[34mSELECT "subs".* FROM "subs"[0m
  ↳ app/views/subs/index.html.erb:2
  [1m[36mUser Load (0.6ms)[0m  [1m[34mSELECT  "users".* FROM "users" WHERE "users"."id" = $1 LIMIT $2[0m  [["id", 1], ["LIMIT", 1]]
  ↳ app/views/subs/index.html.erb:7
  Rendered subs/index.html.erb within layouts/application (59.1ms)
Completed 200 OK in 87ms (Views: 60.2ms | ActiveRecord: 16.9ms)


Started GET "/users/1/post/new" for ::1 at 2019-10-07 16:27:36 -0700
  
ActionController::RoutingError (No route matches [GET] "/users/1/post/new"):
  
actionpack (5.2.3) lib/action_dispatch/middleware/debug_exceptions.rb:65:in `call'
web-console (3.7.0) lib/web_console/middleware.rb:135:in `call_app'
web-console (3.7.0) lib/web_console/middleware.rb:30:in `block in call'
web-console (3.7.0) lib/web_console/middleware.rb:20:in `catch'
web-console (3.7.0) lib/web_console/middleware.rb:20:in `call'
actionpack (5.2.3) lib/action_dispatch/middleware/show_exceptions.rb:33:in `call'
railties (5.2.3) lib/rails/rack/logger.rb:38:in `call_app'
railties (5.2.3) lib/rails/rack/logger.rb:26:in `block in call'
activesupport (5.2.3) lib/active_support/tagged_logging.rb:71:in `block in tagged'
activesupport (5.2.3) lib/active_support/tagged_logging.rb:28:in `tagged'
activesupport (5.2.3) lib/active_support/tagged_logging.rb:71:in `tagged'
railties (5.2.3) lib/rails/rack/logger.rb:26:in `call'
sprockets-rails (3.2.1) lib/sprockets/rails/quiet_assets.rb:13:in `call'
actionpack (5.2.3) lib/action_dispatch/middleware/remote_ip.rb:81:in `call'
actionpack (5.2.3) lib/action_dispatch/middleware/request_id.rb:27:in `call'
rack (2.0.7) lib/rack/method_override.rb:22:in `call'
rack (2.0.7) lib/rack/runtime.rb:22:in `call'
activesupport (5.2.3) lib/active_support/cache/strategy/local_cache_middleware.rb:29:in `call'
actionpack (5.2.3) lib/action_dispatch/middleware/executor.rb:14:in `call'
actionpack (5.2.3) lib/action_dispatch/middleware/static.rb:127:in `call'
rack (2.0.7) lib/rack/sendfile.rb:111:in `call'
webpacker (3.6.0) lib/webpacker/dev_server_proxy.rb:22:in `perform_request'
rack-proxy (0.6.5) lib/rack/proxy.rb:57:in `call'
railties (5.2.3) lib/rails/engine.rb:524:in `call'
puma (3.12.1) lib/puma/configuration.rb:227:in `call'
puma (3.12.1) lib/puma/server.rb:660:in `handle_request'
puma (3.12.1) lib/puma/server.rb:474:in `process_client'
puma (3.12.1) lib/puma/server.rb:334:in `block in run'
puma (3.12.1) lib/puma/thread_pool.rb:135:in `block in spawn_thread'
Started GET "/users/1/posts/new" for ::1 at 2019-10-07 16:27:46 -0700
  
ActionController::RoutingError (No route matches [GET] "/users/1/posts/new"):
  
actionpack (5.2.3) lib/action_dispatch/middleware/debug_exceptions.rb:65:in `call'
web-console (3.7.0) lib/web_console/middleware.rb:135:in `call_app'
web-console (3.7.0) lib/web_console/middleware.rb:30:in `block in call'
web-console (3.7.0) lib/web_console/middleware.rb:20:in `catch'
web-console (3.7.0) lib/web_console/middleware.rb:20:in `call'
actionpack (5.2.3) lib/action_dispatch/middleware/show_exceptions.rb:33:in `call'
railties (5.2.3) lib/rails/rack/logger.rb:38:in `call_app'
railties (5.2.3) lib/rails/rack/logger.rb:26:in `block in call'
activesupport (5.2.3) lib/active_support/tagged_logging.rb:71:in `block in tagged'
activesupport (5.2.3) lib/active_support/tagged_logging.rb:28:in `tagged'
activesupport (5.2.3) lib/active_support/tagged_logging.rb:71:in `tagged'
railties (5.2.3) lib/rails/rack/logger.rb:26:in `call'
sprockets-rails (3.2.1) lib/sprockets/rails/quiet_assets.rb:13:in `call'
actionpack (5.2.3) lib/action_dispatch/middleware/remote_ip.rb:81:in `call'
actionpack (5.2.3) lib/action_dispatch/middleware/request_id.rb:27:in `call'
rack (2.0.7) lib/rack/method_override.rb:22:in `call'
rack (2.0.7) lib/rack/runtime.rb:22:in `call'
activesupport (5.2.3) lib/active_support/cache/strategy/local_cache_middleware.rb:29:in `call'
actionpack (5.2.3) lib/action_dispatch/middleware/executor.rb:14:in `call'
actionpack (5.2.3) lib/action_dispatch/middleware/static.rb:127:in `call'
rack (2.0.7) lib/rack/sendfile.rb:111:in `call'
webpacker (3.6.0) lib/webpacker/dev_server_proxy.rb:22:in `perform_request'
rack-proxy (0.6.5) lib/rack/proxy.rb:57:in `call'
railties (5.2.3) lib/rails/engine.rb:524:in `call'
puma (3.12.1) lib/puma/configuration.rb:227:in `call'
puma (3.12.1) lib/puma/server.rb:660:in `handle_request'
puma (3.12.1) lib/puma/server.rb:474:in `process_client'
puma (3.12.1) lib/puma/server.rb:334:in `block in run'
puma (3.12.1) lib/puma/thread_pool.rb:135:in `block in spawn_thread'
Started GET "/subs/1/posts/new" for ::1 at 2019-10-07 16:28:24 -0700
Processing by PostsController#new as HTML
  Parameters: {"sub_id"=>"1"}
Redirected to http://localhost:3000/session/new
Filter chain halted as :require_login rendered or redirected
Completed 302 Found in 1ms (ActiveRecord: 0.0ms)


Started GET "/session/new" for ::1 at 2019-10-07 16:28:24 -0700
Processing by SessionsController#new as HTML
  Rendering sessions/new.html.erb within layouts/application
  Rendered sessions/new.html.erb within layouts/application (1.3ms)
Completed 200 OK in 9ms (Views: 6.6ms | ActiveRecord: 0.0ms)


Started POST "/session" for ::1 at 2019-10-07 16:28:33 -0700
Processing by SessionsController#create as HTML
  Parameters: {"authenticity_token"=>"VyqGFhmEXpzCEYi+TQYyERXOTtEuYTEtCojsES4hGD1xAHe8MYzxPwKvJTD8vARQR56Jpf5VyQM1/1R5HKn/sA==", "user"=>{"username"=>"a", "password"=>"[FILTERED]"}}
  [1m[36mUser Load (0.6ms)[0m  [1m[34mSELECT  "users".* FROM "users" WHERE "users"."username" = $1 LIMIT $2[0m  [["username", "a"], ["LIMIT", 1]]
  ↳ app/models/user.rb:19
  [1m[35m (0.3ms)[0m  [1m[35mBEGIN[0m
  ↳ app/models/user.rb:34
  [1m[36mUser Exists (0.6ms)[0m  [1m[34mSELECT  1 AS one FROM "users" WHERE "users"."username" = $1 AND "users"."id" != $2 LIMIT $3[0m  [["username", "a"], ["id", 1], ["LIMIT", 1]]
  ↳ app/models/user.rb:34
  [1m[36mUser Exists (0.5ms)[0m  [1m[34mSELECT  1 AS one FROM "users" WHERE "users"."session_token" = $1 AND "users"."id" != $2 LIMIT $3[0m  [["session_token", "pPK-JHsoAWZDFF7pZWocXQ"], ["id", 1], ["LIMIT", 1]]
  ↳ app/models/user.rb:34
  [1m[36mUser Update (4.4ms)[0m  [1m[33mUPDATE "users" SET "session_token" = $1, "updated_at" = $2 WHERE "users"."id" = $3[0m  [["session_token", "pPK-JHsoAWZDFF7pZWocXQ"], ["updated_at", "2019-10-07 23:28:33.844354"], ["id", 1]]
  ↳ app/models/user.rb:34
  [1m[35m (0.4ms)[0m  [1m[35mCOMMIT[0m
  ↳ app/models/user.rb:34
Redirected to http://localhost:3000/subs
Completed 302 Found in 316ms (ActiveRecord: 6.8ms)


Started GET "/subs" for ::1 at 2019-10-07 16:28:33 -0700
Processing by SubsController#index as HTML
  Rendering subs/index.html.erb within layouts/application
  [1m[36mSub Load (0.4ms)[0m  [1m[34mSELECT "subs".* FROM "subs"[0m
  ↳ app/views/subs/index.html.erb:2
  [1m[36mUser Load (0.5ms)[0m  [1m[34mSELECT  "users".* FROM "users" WHERE "users"."id" = $1 LIMIT $2[0m  [["id", 1], ["LIMIT", 1]]
  ↳ app/views/subs/index.html.erb:7
  Rendered subs/index.html.erb within layouts/application (3.5ms)
Completed 200 OK in 9ms (Views: 8.2ms | ActiveRecord: 0.9ms)


Started GET "/subs/1/posts/new" for ::1 at 2019-10-07 16:28:54 -0700
Processing by PostsController#new as HTML
  Parameters: {"sub_id"=>"1"}
  [1m[36mUser Load (0.6ms)[0m  [1m[34mSELECT  "users".* FROM "users" WHERE "users"."session_token" = $1 LIMIT $2[0m  [["session_token", "pPK-JHsoAWZDFF7pZWocXQ"], ["LIMIT", 1]]
  ↳ app/controllers/application_controller.rb:7
  Rendering posts/new.html.erb within layouts/application
  Rendered posts/new.html.erb within layouts/application (0.7ms)
Completed 200 OK in 34ms (Views: 5.4ms | ActiveRecord: 7.1ms)


Started POST "/users/1/posts" for ::1 at 2019-10-07 16:29:21 -0700
Processing by PostsController#create as HTML
  Parameters: {"user_id"=>"1"}
  [1m[36mUser Load (0.9ms)[0m  [1m[34mSELECT  "users".* FROM "users" WHERE "users"."session_token" = $1 LIMIT $2[0m  [["session_token", "pPK-JHsoAWZDFF7pZWocXQ"], ["LIMIT", 1]]
  ↳ app/controllers/application_controller.rb:7
Completed 400 Bad Request in 21903ms (ActiveRecord: 0.9ms)


  
ActionController::ParameterMissing (param is missing or the value is empty: post):
  
app/controllers/posts_controller.rb:48:in `post_params'
app/controllers/posts_controller.rb:12:in `create'
Started POST "/users/1/posts" for ::1 at 2019-10-07 16:30:01 -0700
Processing by PostsController#create as HTML
  Parameters: {"user_id"=>"1"}
  [1m[36mUser Load (0.6ms)[0m  [1m[34mSELECT  "users".* FROM "users" WHERE "users"."session_token" = $1 LIMIT $2[0m  [["session_token", "pPK-JHsoAWZDFF7pZWocXQ"], ["LIMIT", 1]]
  ↳ app/controllers/application_controller.rb:7
Completed 400 Bad Request in 14677ms (ActiveRecord: 0.6ms)


  
ActionController::ParameterMissing (param is missing or the value is empty: post):
  
app/controllers/posts_controller.rb:48:in `post_params'
app/controllers/posts_controller.rb:12:in `create'
Started GET "/" for ::1 at 2019-10-07 16:30:30 -0700
  [1m[35m (1.1ms)[0m  [1m[34mSELECT "schema_migrations"."version" FROM "schema_migrations" ORDER BY "schema_migrations"."version" ASC[0m
  ↳ /Users/appacademy/.rbenv/versions/2.5.1/lib/ruby/gems/2.5.0/gems/activerecord-5.2.3/lib/active_record/log_subscriber.rb:98
Processing by Rails::WelcomeController#index as HTML
  Rendering /Users/appacademy/.rbenv/versions/2.5.1/lib/ruby/gems/2.5.0/gems/railties-5.2.3/lib/rails/templates/rails/welcome/index.html.erb
  Rendered /Users/appacademy/.rbenv/versions/2.5.1/lib/ruby/gems/2.5.0/gems/railties-5.2.3/lib/rails/templates/rails/welcome/index.html.erb (4.1ms)
Completed 200 OK in 13ms (Views: 9.7ms | ActiveRecord: 0.0ms)


Started GET "/session" for ::1 at 2019-10-07 16:30:33 -0700
  
ActionController::RoutingError (No route matches [GET] "/session"):
  
actionpack (5.2.3) lib/action_dispatch/middleware/debug_exceptions.rb:65:in `call'
web-console (3.7.0) lib/web_console/middleware.rb:135:in `call_app'
web-console (3.7.0) lib/web_console/middleware.rb:30:in `block in call'
web-console (3.7.0) lib/web_console/middleware.rb:20:in `catch'
web-console (3.7.0) lib/web_console/middleware.rb:20:in `call'
actionpack (5.2.3) lib/action_dispatch/middleware/show_exceptions.rb:33:in `call'
railties (5.2.3) lib/rails/rack/logger.rb:38:in `call_app'
railties (5.2.3) lib/rails/rack/logger.rb:26:in `block in call'
activesupport (5.2.3) lib/active_support/tagged_logging.rb:71:in `block in tagged'
activesupport (5.2.3) lib/active_support/tagged_logging.rb:28:in `tagged'
activesupport (5.2.3) lib/active_support/tagged_logging.rb:71:in `tagged'
railties (5.2.3) lib/rails/rack/logger.rb:26:in `call'
sprockets-rails (3.2.1) lib/sprockets/rails/quiet_assets.rb:13:in `call'
actionpack (5.2.3) lib/action_dispatch/middleware/remote_ip.rb:81:in `call'
actionpack (5.2.3) lib/action_dispatch/middleware/request_id.rb:27:in `call'
rack (2.0.7) lib/rack/method_override.rb:22:in `call'
rack (2.0.7) lib/rack/runtime.rb:22:in `call'
activesupport (5.2.3) lib/active_support/cache/strategy/local_cache_middleware.rb:29:in `call'
actionpack (5.2.3) lib/action_dispatch/middleware/executor.rb:14:in `call'
actionpack (5.2.3) lib/action_dispatch/middleware/static.rb:127:in `call'
rack (2.0.7) lib/rack/sendfile.rb:111:in `call'
webpacker (3.6.0) lib/webpacker/dev_server_proxy.rb:22:in `perform_request'
rack-proxy (0.6.5) lib/rack/proxy.rb:57:in `call'
railties (5.2.3) lib/rails/engine.rb:524:in `call'
puma (3.12.1) lib/puma/configuration.rb:227:in `call'
puma (3.12.1) lib/puma/server.rb:660:in `handle_request'
puma (3.12.1) lib/puma/server.rb:474:in `process_client'
puma (3.12.1) lib/puma/server.rb:334:in `block in run'
puma (3.12.1) lib/puma/thread_pool.rb:135:in `block in spawn_thread'
Started GET "/session/new" for ::1 at 2019-10-07 16:30:36 -0700
Processing by SessionsController#new as HTML
  Rendering sessions/new.html.erb within layouts/application
  Rendered sessions/new.html.erb within layouts/application (1.5ms)
Completed 200 OK in 9ms (Views: 7.0ms | ActiveRecord: 0.0ms)


Started POST "/session" for ::1 at 2019-10-07 16:30:39 -0700
Processing by SessionsController#create as HTML
  Parameters: {"authenticity_token"=>"LkBJd3PTebeSYwbois165SpjP7ApDE6AmQbgIgKxJX0IarjdW9vWFFLdq2Y7d0ykeDP4xPk4tq6mcVhKMDnC8A==", "user"=>{"username"=>"a", "password"=>"[FILTERED]"}}
  [1m[36mUser Load (1.0ms)[0m  [1m[34mSELECT  "users".* FROM "users" WHERE "users"."username" = $1 LIMIT $2[0m  [["username", "a"], ["LIMIT", 1]]
  ↳ app/models/user.rb:19
  [1m[35m (0.2ms)[0m  [1m[35mBEGIN[0m
  ↳ app/models/user.rb:34
  [1m[36mUser Exists (0.7ms)[0m  [1m[34mSELECT  1 AS one FROM "users" WHERE "users"."username" = $1 AND "users"."id" != $2 LIMIT $3[0m  [["username", "a"], ["id", 1], ["LIMIT", 1]]
  ↳ app/models/user.rb:34
  [1m[36mUser Exists (0.7ms)[0m  [1m[34mSELECT  1 AS one FROM "users" WHERE "users"."session_token" = $1 AND "users"."id" != $2 LIMIT $3[0m  [["session_token", "R40OWii3K3HinnwhdHZzDg"], ["id", 1], ["LIMIT", 1]]
  ↳ app/models/user.rb:34
  [1m[36mUser Update (0.9ms)[0m  [1m[33mUPDATE "users" SET "session_token" = $1, "updated_at" = $2 WHERE "users"."id" = $3[0m  [["session_token", "R40OWii3K3HinnwhdHZzDg"], ["updated_at", "2019-10-07 23:30:39.868245"], ["id", 1]]
  ↳ app/models/user.rb:34
  [1m[35m (2.1ms)[0m  [1m[35mCOMMIT[0m
  ↳ app/models/user.rb:34
Redirected to http://localhost:3000/subs
Completed 302 Found in 337ms (ActiveRecord: 13.7ms)


Started GET "/subs" for ::1 at 2019-10-07 16:30:39 -0700
Processing by SubsController#index as HTML
  Rendering subs/index.html.erb within layouts/application
  [1m[36mSub Load (1.1ms)[0m  [1m[34mSELECT "subs".* FROM "subs"[0m
  ↳ app/views/subs/index.html.erb:2
  [1m[36mUser Load (0.5ms)[0m  [1m[34mSELECT  "users".* FROM "users" WHERE "users"."id" = $1 LIMIT $2[0m  [["id", 1], ["LIMIT", 1]]
  ↳ app/views/subs/index.html.erb:7
  Rendered subs/index.html.erb within layouts/application (25.4ms)
Completed 200 OK in 35ms (Views: 21.1ms | ActiveRecord: 9.5ms)


Started GET "/subs/1/posts/new" for ::1 at 2019-10-07 16:30:45 -0700
Processing by PostsController#new as HTML
  Parameters: {"sub_id"=>"1"}
  [1m[36mUser Load (0.7ms)[0m  [1m[34mSELECT  "users".* FROM "users" WHERE "users"."session_token" = $1 LIMIT $2[0m  [["session_token", "R40OWii3K3HinnwhdHZzDg"], ["LIMIT", 1]]
  ↳ app/controllers/application_controller.rb:7
  Rendering posts/new.html.erb within layouts/application
  Rendered posts/new.html.erb within layouts/application (1.0ms)
Completed 200 OK in 41ms (Views: 6.7ms | ActiveRecord: 6.9ms)


Started POST "/users/1/posts" for ::1 at 2019-10-07 16:30:49 -0700
Processing by PostsController#create as HTML
  Parameters: {"hidden"=>{":id"=>"1"}, "user_id"=>"1"}
  [1m[36mUser Load (0.5ms)[0m  [1m[34mSELECT  "users".* FROM "users" WHERE "users"."session_token" = $1 LIMIT $2[0m  [["session_token", "R40OWii3K3HinnwhdHZzDg"], ["LIMIT", 1]]
  ↳ app/controllers/application_controller.rb:7
Completed 400 Bad Request in 85174ms (ActiveRecord: 0.5ms)


  
ActionController::ParameterMissing (param is missing or the value is empty: post):
  
app/controllers/posts_controller.rb:48:in `post_params'
app/controllers/posts_controller.rb:12:in `create'
Started GET "/subs/1/posts/new" for ::1 at 2019-10-07 16:36:39 -0700
  [1m[35m (1.6ms)[0m  [1m[34mSELECT "schema_migrations"."version" FROM "schema_migrations" ORDER BY "schema_migrations"."version" ASC[0m
  ↳ /Users/appacademy/.rbenv/versions/2.5.1/lib/ruby/gems/2.5.0/gems/activerecord-5.2.3/lib/active_record/log_subscriber.rb:98
Processing by PostsController#new as HTML
  Parameters: {"sub_id"=>"1"}
  [1m[36mUser Load (0.8ms)[0m  [1m[34mSELECT  "users".* FROM "users" WHERE "users"."session_token" = $1 LIMIT $2[0m  [["session_token", "R40OWii3K3HinnwhdHZzDg"], ["LIMIT", 1]]
  ↳ app/controllers/application_controller.rb:7
  Rendering posts/new.html.erb within layouts/application
  Rendered posts/new.html.erb within layouts/application (1.7ms)
Completed 200 OK in 88ms (Views: 13.2ms | ActiveRecord: 17.7ms)


Started POST "/users/1/posts" for ::1 at 2019-10-07 16:37:46 -0700
Processing by PostsController#create as HTML
  Parameters: {"hidden"=>{":id"=>"1"}, "post"=>{"title"=>"Wolf", "url"=>"Cool.com"}, "user_id"=>"1"}
  [1m[36mUser Load (0.9ms)[0m  [1m[34mSELECT  "users".* FROM "users" WHERE "users"."session_token" = $1 LIMIT $2[0m  [["session_token", "R40OWii3K3HinnwhdHZzDg"], ["LIMIT", 1]]
  ↳ app/controllers/application_controller.rb:7
Unpermitted parameter: :url
  [1m[35m (0.2ms)[0m  [1m[35mBEGIN[0m
  ↳ app/controllers/posts_controller.rb:14
  [1m[36mPost Exists (4.1ms)[0m  [1m[34mSELECT  1 AS one FROM "posts" WHERE "posts"."url" IS NULL LIMIT $1[0m  [["LIMIT", 1]]
  ↳ app/controllers/posts_controller.rb:14
  [1m[36mUser Load (0.5ms)[0m  [1m[34mSELECT  "users".* FROM "users" WHERE "users"."id" = $1 LIMIT $2[0m  [["id", 1], ["LIMIT", 1]]
  ↳ app/controllers/posts_controller.rb:14
  [1m[35m (0.3ms)[0m  [1m[31mROLLBACK[0m
  ↳ app/controllers/posts_controller.rb:14
  Rendering posts/new.html.erb within layouts/application
  Rendered posts/new.html.erb within layouts/application (0.6ms)
Completed 200 OK in 36ms (Views: 5.7ms | ActiveRecord: 6.0ms)


Started GET "/users/1/posts/new" for ::1 at 2019-10-07 16:39:20 -0700
  [1m[35m (1.1ms)[0m  [1m[34mSELECT "schema_migrations"."version" FROM "schema_migrations" ORDER BY "schema_migrations"."version" ASC[0m
  ↳ /Users/appacademy/.rbenv/versions/2.5.1/lib/ruby/gems/2.5.0/gems/activerecord-5.2.3/lib/active_record/log_subscriber.rb:98
  
ActionController::RoutingError (No route matches [GET] "/users/1/posts/new"):
  
actionpack (5.2.3) lib/action_dispatch/middleware/debug_exceptions.rb:65:in `call'
web-console (3.7.0) lib/web_console/middleware.rb:135:in `call_app'
web-console (3.7.0) lib/web_console/middleware.rb:30:in `block in call'
web-console (3.7.0) lib/web_console/middleware.rb:20:in `catch'
web-console (3.7.0) lib/web_console/middleware.rb:20:in `call'
actionpack (5.2.3) lib/action_dispatch/middleware/show_exceptions.rb:33:in `call'
railties (5.2.3) lib/rails/rack/logger.rb:38:in `call_app'
railties (5.2.3) lib/rails/rack/logger.rb:26:in `block in call'
activesupport (5.2.3) lib/active_support/tagged_logging.rb:71:in `block in tagged'
activesupport (5.2.3) lib/active_support/tagged_logging.rb:28:in `tagged'
activesupport (5.2.3) lib/active_support/tagged_logging.rb:71:in `tagged'
railties (5.2.3) lib/rails/rack/logger.rb:26:in `call'
sprockets-rails (3.2.1) lib/sprockets/rails/quiet_assets.rb:13:in `call'
actionpack (5.2.3) lib/action_dispatch/middleware/remote_ip.rb:81:in `call'
actionpack (5.2.3) lib/action_dispatch/middleware/request_id.rb:27:in `call'
rack (2.0.7) lib/rack/method_override.rb:22:in `call'
rack (2.0.7) lib/rack/runtime.rb:22:in `call'
activesupport (5.2.3) lib/active_support/cache/strategy/local_cache_middleware.rb:29:in `call'
actionpack (5.2.3) lib/action_dispatch/middleware/executor.rb:14:in `call'
actionpack (5.2.3) lib/action_dispatch/middleware/static.rb:127:in `call'
rack (2.0.7) lib/rack/sendfile.rb:111:in `call'
webpacker (3.6.0) lib/webpacker/dev_server_proxy.rb:22:in `perform_request'
rack-proxy (0.6.5) lib/rack/proxy.rb:57:in `call'
railties (5.2.3) lib/rails/engine.rb:524:in `call'
puma (3.12.1) lib/puma/configuration.rb:227:in `call'
puma (3.12.1) lib/puma/server.rb:660:in `handle_request'
puma (3.12.1) lib/puma/server.rb:474:in `process_client'
puma (3.12.1) lib/puma/server.rb:334:in `block in run'
puma (3.12.1) lib/puma/thread_pool.rb:135:in `block in spawn_thread'
Started GET "/subs/1/posts/new" for ::1 at 2019-10-07 16:39:25 -0700
Processing by PostsController#new as HTML
  Parameters: {"sub_id"=>"1"}
  [1m[36mUser Load (0.8ms)[0m  [1m[34mSELECT  "users".* FROM "users" WHERE "users"."session_token" = $1 LIMIT $2[0m  [["session_token", "R40OWii3K3HinnwhdHZzDg"], ["LIMIT", 1]]
  ↳ app/controllers/application_controller.rb:7
  Rendering posts/new.html.erb within layouts/application
  Rendered posts/new.html.erb within layouts/application (0.8ms)
Completed 200 OK in 63ms (Views: 5.7ms | ActiveRecord: 20.2ms)


Started POST "/users/1/posts" for ::1 at 2019-10-07 16:39:31 -0700
Processing by PostsController#create as HTML
  Parameters: {"hidden"=>{":id"=>"1"}, "post"=>{"title"=>"Wolf", "url"=>"coool.com"}, "user_id"=>"1"}
  [1m[36mUser Load (0.6ms)[0m  [1m[34mSELECT  "users".* FROM "users" WHERE "users"."session_token" = $1 LIMIT $2[0m  [["session_token", "R40OWii3K3HinnwhdHZzDg"], ["LIMIT", 1]]
  ↳ app/controllers/application_controller.rb:7
Unpermitted parameter: :url
  [1m[35m (0.4ms)[0m  [1m[35mBEGIN[0m
  ↳ app/controllers/posts_controller.rb:14
  [1m[36mPost Exists (1.3ms)[0m  [1m[34mSELECT  1 AS one FROM "posts" WHERE "posts"."url" IS NULL LIMIT $1[0m  [["LIMIT", 1]]
  ↳ app/controllers/posts_controller.rb:14
  [1m[36mUser Load (0.7ms)[0m  [1m[34mSELECT  "users".* FROM "users" WHERE "users"."id" = $1 LIMIT $2[0m  [["id", 1], ["LIMIT", 1]]
  ↳ app/controllers/posts_controller.rb:14
  [1m[35m (0.3ms)[0m  [1m[31mROLLBACK[0m
  ↳ app/controllers/posts_controller.rb:14
  Rendering posts/new.html.erb within layouts/application
  Rendered posts/new.html.erb within layouts/application (1.0ms)
Completed 200 OK in 33ms (Views: 6.2ms | ActiveRecord: 3.3ms)


Started POST "/users/1/posts" for ::1 at 2019-10-07 16:40:32 -0700
Processing by PostsController#create as HTML
  Parameters: {"hidden"=>{":id"=>"1"}, "post"=>{"title"=>"Wolf", "url"=>"coool.com"}, "user_id"=>"1"}
  [1m[36mUser Load (0.6ms)[0m  [1m[34mSELECT  "users".* FROM "users" WHERE "users"."session_token" = $1 LIMIT $2[0m  [["session_token", "R40OWii3K3HinnwhdHZzDg"], ["LIMIT", 1]]
  ↳ app/controllers/application_controller.rb:7
Unpermitted parameter: :url
  [1m[35m (1.1ms)[0m  [1m[35mBEGIN[0m
  ↳ app/controllers/posts_controller.rb:15
  [1m[36mPost Exists (2.5ms)[0m  [1m[34mSELECT  1 AS one FROM "posts" WHERE "posts"."url" IS NULL LIMIT $1[0m  [["LIMIT", 1]]
  ↳ app/controllers/posts_controller.rb:15
  [1m[36mUser Load (0.6ms)[0m  [1m[34mSELECT  "users".* FROM "users" WHERE "users"."id" = $1 LIMIT $2[0m  [["id", 1], ["LIMIT", 1]]
  ↳ app/controllers/posts_controller.rb:15
  [1m[35m (0.3ms)[0m  [1m[31mROLLBACK[0m
  ↳ app/controllers/posts_controller.rb:15
  Rendering posts/new.html.erb within layouts/application
  Rendered posts/new.html.erb within layouts/application (1.0ms)
Completed 200 OK in 172531ms (Views: 5.6ms | ActiveRecord: 16.4ms)


Started GET "/subs/1/posts/new" for ::1 at 2019-10-07 16:43:40 -0700
Processing by PostsController#new as HTML
  Parameters: {"sub_id"=>"1"}
  [1m[36mUser Load (0.5ms)[0m  [1m[34mSELECT  "users".* FROM "users" WHERE "users"."session_token" = $1 LIMIT $2[0m  [["session_token", "R40OWii3K3HinnwhdHZzDg"], ["LIMIT", 1]]
  ↳ app/controllers/application_controller.rb:7
  Rendering posts/new.html.erb within layouts/application
  Rendered posts/new.html.erb within layouts/application (0.7ms)
Completed 200 OK in 46ms (Views: 7.8ms | ActiveRecord: 12.0ms)


Started POST "/users/1/posts" for ::1 at 2019-10-07 16:43:44 -0700
Processing by PostsController#create as HTML
  Parameters: {"hidden"=>{":sub_id"=>"1"}, "post"=>{"title"=>"Wolf", "url"=>"cool.com"}, "user_id"=>"1"}
  [1m[36mUser Load (0.5ms)[0m  [1m[34mSELECT  "users".* FROM "users" WHERE "users"."session_token" = $1 LIMIT $2[0m  [["session_token", "R40OWii3K3HinnwhdHZzDg"], ["LIMIT", 1]]
  ↳ app/controllers/application_controller.rb:7
Unpermitted parameter: :url
  [1m[35m (1.8ms)[0m  [1m[35mBEGIN[0m
  ↳ app/controllers/posts_controller.rb:15
  [1m[36mPost Exists (7.9ms)[0m  [1m[34mSELECT  1 AS one FROM "posts" WHERE "posts"."url" IS NULL LIMIT $1[0m  [["LIMIT", 1]]
  ↳ app/controllers/posts_controller.rb:15
  [1m[36mUser Load (1.0ms)[0m  [1m[34mSELECT  "users".* FROM "users" WHERE "users"."id" = $1 LIMIT $2[0m  [["id", 1], ["LIMIT", 1]]
  ↳ app/controllers/posts_controller.rb:15
  [1m[35m (0.4ms)[0m  [1m[31mROLLBACK[0m
  ↳ app/controllers/posts_controller.rb:15
  Rendering posts/new.html.erb within layouts/application
  Rendered posts/new.html.erb within layouts/application (0.9ms)
Completed 200 OK in 193895ms (Views: 9.0ms | ActiveRecord: 11.6ms)


Started GET "/subs/1/posts/new" for ::1 at 2019-10-07 16:47:14 -0700
Processing by PostsController#new as HTML
  Parameters: {"sub_id"=>"1"}
  [1m[36mUser Load (0.4ms)[0m  [1m[34mSELECT  "users".* FROM "users" WHERE "users"."session_token" = $1 LIMIT $2[0m  [["session_token", "R40OWii3K3HinnwhdHZzDg"], ["LIMIT", 1]]
  ↳ app/controllers/application_controller.rb:7
  Rendering posts/new.html.erb within layouts/application
  Rendered posts/new.html.erb within layouts/application (1.1ms)
Completed 200 OK in 47ms (Views: 8.8ms | ActiveRecord: 12.1ms)


Started POST "/users/1/posts" for ::1 at 2019-10-07 16:47:21 -0700
Processing by PostsController#create as HTML
  Parameters: {"hidden"=>{":sub_id"=>"sub_id"}, "post"=>{"title"=>"Wolf", "url"=>"cool.com", "content"=>"aaaa"}, "user_id"=>"1"}
  [1m[36mUser Load (0.5ms)[0m  [1m[34mSELECT  "users".* FROM "users" WHERE "users"."session_token" = $1 LIMIT $2[0m  [["session_token", "R40OWii3K3HinnwhdHZzDg"], ["LIMIT", 1]]
  ↳ app/controllers/application_controller.rb:7
  [1m[35m (0.2ms)[0m  [1m[35mBEGIN[0m
  ↳ app/controllers/posts_controller.rb:14
  [1m[36mPost Exists (0.6ms)[0m  [1m[34mSELECT  1 AS one FROM "posts" WHERE "posts"."url" = $1 LIMIT $2[0m  [["url", "cool.com"], ["LIMIT", 1]]
  ↳ app/controllers/posts_controller.rb:14
  [1m[36mUser Load (0.7ms)[0m  [1m[34mSELECT  "users".* FROM "users" WHERE "users"."id" = $1 LIMIT $2[0m  [["id", 1], ["LIMIT", 1]]
  ↳ app/controllers/posts_controller.rb:14
  [1m[35m (0.2ms)[0m  [1m[31mROLLBACK[0m
  ↳ app/controllers/posts_controller.rb:14
  Rendering posts/new.html.erb within layouts/application
  Rendered posts/new.html.erb within layouts/application (1.0ms)
Completed 200 OK in 25ms (Views: 5.4ms | ActiveRecord: 2.2ms)


Started POST "/users/1/posts" for ::1 at 2019-10-07 16:48:34 -0700
Processing by PostsController#create as HTML
  Parameters: {"hidden"=>{":sub_id"=>"sub_id"}, "post"=>{"title"=>"Wolf", "url"=>"cool.com", "content"=>"aaaa"}, "user_id"=>"1"}
  [1m[36mUser Load (0.4ms)[0m  [1m[34mSELECT  "users".* FROM "users" WHERE "users"."session_token" = $1 LIMIT $2[0m  [["session_token", "R40OWii3K3HinnwhdHZzDg"], ["LIMIT", 1]]
  ↳ app/controllers/application_controller.rb:7
  [1m[35m (0.2ms)[0m  [1m[35mBEGIN[0m
  ↳ app/controllers/posts_controller.rb:14
  [1m[36mPost Exists (0.9ms)[0m  [1m[34mSELECT  1 AS one FROM "posts" WHERE "posts"."url" = $1 LIMIT $2[0m  [["url", "cool.com"], ["LIMIT", 1]]
  ↳ app/controllers/posts_controller.rb:14
  [1m[36mUser Load (0.5ms)[0m  [1m[34mSELECT  "users".* FROM "users" WHERE "users"."id" = $1 LIMIT $2[0m  [["id", 1], ["LIMIT", 1]]
  ↳ app/controllers/posts_controller.rb:14
  [1m[35m (0.3ms)[0m  [1m[31mROLLBACK[0m
  ↳ app/controllers/posts_controller.rb:14
  Rendering posts/new.html.erb within layouts/application
  Rendered posts/new.html.erb within layouts/application (0.7ms)
Completed 200 OK in 16ms (Views: 5.2ms | ActiveRecord: 2.4ms)


Started GET "/subs/1/posts/new" for ::1 at 2019-10-07 16:48:49 -0700
Processing by PostsController#new as HTML
  Parameters: {"sub_id"=>"1"}
  [1m[36mUser Load (0.7ms)[0m  [1m[34mSELECT  "users".* FROM "users" WHERE "users"."session_token" = $1 LIMIT $2[0m  [["session_token", "R40OWii3K3HinnwhdHZzDg"], ["LIMIT", 1]]
  ↳ app/controllers/application_controller.rb:7
  Rendering posts/new.html.erb within layouts/application
  Rendered posts/new.html.erb within layouts/application (1.3ms)
Completed 200 OK in 13ms (Views: 10.1ms | ActiveRecord: 0.7ms)


Started POST "/users/1/posts" for ::1 at 2019-10-07 16:48:59 -0700
Processing by PostsController#create as HTML
  Parameters: {"hidden"=>{":sub_id"=>"1"}, "post"=>{"title"=>"Wolf ", "url"=>"cool", "content"=>"aaaa"}, "user_id"=>"1"}
  [1m[36mUser Load (0.5ms)[0m  [1m[34mSELECT  "users".* FROM "users" WHERE "users"."session_token" = $1 LIMIT $2[0m  [["session_token", "R40OWii3K3HinnwhdHZzDg"], ["LIMIT", 1]]
  ↳ app/controllers/application_controller.rb:7
  [1m[35m (0.3ms)[0m  [1m[35mBEGIN[0m
  ↳ app/controllers/posts_controller.rb:14
  [1m[36mPost Exists (0.6ms)[0m  [1m[34mSELECT  1 AS one FROM "posts" WHERE "posts"."url" = $1 LIMIT $2[0m  [["url", "cool"], ["LIMIT", 1]]
  ↳ app/controllers/posts_controller.rb:14
  [1m[36mUser Load (0.5ms)[0m  [1m[34mSELECT  "users".* FROM "users" WHERE "users"."id" = $1 LIMIT $2[0m  [["id", 1], ["LIMIT", 1]]
  ↳ app/controllers/posts_controller.rb:14
  [1m[35m (0.3ms)[0m  [1m[31mROLLBACK[0m
  ↳ app/controllers/posts_controller.rb:14
  Rendering posts/new.html.erb within layouts/application
  Rendered posts/new.html.erb within layouts/application (0.8ms)
Completed 200 OK in 18ms (Views: 6.2ms | ActiveRecord: 2.1ms)


Started GET "/subs/1/posts/new" for ::1 at 2019-10-07 16:49:37 -0700
Processing by PostsController#new as HTML
  Parameters: {"sub_id"=>"1"}
  [1m[36mUser Load (1.5ms)[0m  [1m[34mSELECT  "users".* FROM "users" WHERE "users"."session_token" = $1 LIMIT $2[0m  [["session_token", "R40OWii3K3HinnwhdHZzDg"], ["LIMIT", 1]]
  ↳ app/controllers/application_controller.rb:7
  Rendering posts/new.html.erb within layouts/application
  Rendered posts/new.html.erb within layouts/application (1.0ms)
Completed 200 OK in 14ms (Views: 10.3ms | ActiveRecord: 1.5ms)


  [1m[36mSub Load (1.3ms)[0m  [1m[34mSELECT "subs".* FROM "subs"[0m
Started GET "/subs/1/posts/new" for ::1 at 2019-10-07 16:51:28 -0700
Processing by PostsController#new as HTML
  Parameters: {"sub_id"=>"1"}
  [1m[36mUser Load (0.3ms)[0m  [1m[34mSELECT  "users".* FROM "users" WHERE "users"."session_token" = $1 LIMIT $2[0m  [["session_token", "R40OWii3K3HinnwhdHZzDg"], ["LIMIT", 1]]
  ↳ app/controllers/application_controller.rb:7
  Rendering posts/new.html.erb within layouts/application
  Rendered posts/new.html.erb within layouts/application (0.9ms)
Completed 200 OK in 47ms (Views: 7.7ms | ActiveRecord: 12.3ms)


Started POST "/users/1/posts" for ::1 at 2019-10-07 16:51:33 -0700
Processing by PostsController#create as HTML
  Parameters: {"hidden"=>{"sub_id"=>"1"}, "post"=>{"title"=>"Wolf", "url"=>"cool.com", "content"=>"aa"}, "user_id"=>"1"}
  [1m[36mUser Load (0.6ms)[0m  [1m[34mSELECT  "users".* FROM "users" WHERE "users"."session_token" = $1 LIMIT $2[0m  [["session_token", "R40OWii3K3HinnwhdHZzDg"], ["LIMIT", 1]]
  ↳ app/controllers/application_controller.rb:7
  [1m[35m (0.3ms)[0m  [1m[35mBEGIN[0m
  ↳ app/controllers/posts_controller.rb:14
  [1m[36mPost Exists (0.5ms)[0m  [1m[34mSELECT  1 AS one FROM "posts" WHERE "posts"."url" = $1 LIMIT $2[0m  [["url", "cool.com"], ["LIMIT", 1]]
  ↳ app/controllers/posts_controller.rb:14
  [1m[36mSub Load (0.7ms)[0m  [1m[34mSELECT  "subs".* FROM "subs" WHERE "subs"."id" = $1 LIMIT $2[0m  [["id", 1], ["LIMIT", 1]]
  ↳ app/controllers/posts_controller.rb:14
  [1m[36mUser Load (0.3ms)[0m  [1m[34mSELECT  "users".* FROM "users" WHERE "users"."id" = $1 LIMIT $2[0m  [["id", 1], ["LIMIT", 1]]
  ↳ app/controllers/posts_controller.rb:14
  [1m[36mPost Create (2.9ms)[0m  [1m[32mINSERT INTO "posts" ("title", "url", "content", "sub_id", "user_id", "created_at", "updated_at") VALUES ($1, $2, $3, $4, $5, $6, $7) RETURNING "id"[0m  [["title", "Wolf"], ["url", "cool.com"], ["content", "aa"], ["sub_id", 1], ["user_id", 1], ["created_at", "2019-10-07 23:51:33.718410"], ["updated_at", "2019-10-07 23:51:33.718410"]]
  ↳ app/controllers/posts_controller.rb:14
  [1m[35m (0.5ms)[0m  [1m[35mCOMMIT[0m
  ↳ app/controllers/posts_controller.rb:14
Completed 500 Internal Server Error in 41ms (ActiveRecord: 11.6ms)


  
ActionController::UrlGenerationError (No route matches {:action=>"show", :controller=>"posts", :sub_id=>#<Post id: 1, title: "Wolf", url: "cool.com", content: "aa", sub_id: 1, user_id: 1, created_at: "2019-10-07 23:51:33", updated_at: "2019-10-07 23:51:33">, :user_id=>"1"}, missing required keys: [:id]):
  
app/controllers/posts_controller.rb:15:in `create'
Started POST "/users/1/posts" for ::1 at 2019-10-07 16:52:29 -0700
Processing by PostsController#create as HTML
  Parameters: {"hidden"=>{"sub_id"=>"1"}, "post"=>{"title"=>"Wolf", "url"=>"cool.com", "content"=>"aa"}, "user_id"=>"1"}
  [1m[36mUser Load (0.5ms)[0m  [1m[34mSELECT  "users".* FROM "users" WHERE "users"."session_token" = $1 LIMIT $2[0m  [["session_token", "R40OWii3K3HinnwhdHZzDg"], ["LIMIT", 1]]
  ↳ app/controllers/application_controller.rb:7
  [1m[35m (0.2ms)[0m  [1m[35mBEGIN[0m
  ↳ app/controllers/posts_controller.rb:14
  [1m[36mPost Exists (0.5ms)[0m  [1m[34mSELECT  1 AS one FROM "posts" WHERE "posts"."url" = $1 LIMIT $2[0m  [["url", "cool.com"], ["LIMIT", 1]]
  ↳ app/controllers/posts_controller.rb:14
  [1m[36mSub Load (0.4ms)[0m  [1m[34mSELECT  "subs".* FROM "subs" WHERE "subs"."id" = $1 LIMIT $2[0m  [["id", 1], ["LIMIT", 1]]
  ↳ app/controllers/posts_controller.rb:14
  [1m[36mUser Load (0.3ms)[0m  [1m[34mSELECT  "users".* FROM "users" WHERE "users"."id" = $1 LIMIT $2[0m  [["id", 1], ["LIMIT", 1]]
  ↳ app/controllers/posts_controller.rb:14
  [1m[35m (0.2ms)[0m  [1m[31mROLLBACK[0m
  ↳ app/controllers/posts_controller.rb:14
  Rendering posts/new.html.erb within layouts/application
  Rendered posts/new.html.erb within layouts/application (0.8ms)
Completed 200 OK in 78ms (Views: 6.0ms | ActiveRecord: 20.9ms)


  [1m[36mSub Load (0.9ms)[0m  [1m[34mSELECT "subs".* FROM "subs"[0m
  [1m[36mPost Load (1.3ms)[0m  [1m[34mSELECT "posts".* FROM "posts"[0m
Started GET "/subs/1/posts/new" for ::1 at 2019-10-07 16:54:31 -0700
Processing by PostsController#new as HTML
  Parameters: {"sub_id"=>"1"}
  [1m[36mUser Load (0.4ms)[0m  [1m[34mSELECT  "users".* FROM "users" WHERE "users"."session_token" = $1 LIMIT $2[0m  [["session_token", "R40OWii3K3HinnwhdHZzDg"], ["LIMIT", 1]]
  ↳ app/controllers/application_controller.rb:7
  Rendering posts/new.html.erb within layouts/application
  Rendered posts/new.html.erb within layouts/application (1.1ms)
Completed 200 OK in 48ms (Views: 6.9ms | ActiveRecord: 13.1ms)


Started POST "/users/1/posts" for ::1 at 2019-10-07 16:54:38 -0700
Processing by PostsController#create as HTML
  Parameters: {"hidden"=>{"sub_id"=>"1"}, "post"=>{"title"=>"J", "url"=>"cool", "content"=>"hi"}, "user_id"=>"1"}
  [1m[36mUser Load (0.4ms)[0m  [1m[34mSELECT  "users".* FROM "users" WHERE "users"."session_token" = $1 LIMIT $2[0m  [["session_token", "R40OWii3K3HinnwhdHZzDg"], ["LIMIT", 1]]
  ↳ app/controllers/application_controller.rb:7
  [1m[35m (0.2ms)[0m  [1m[35mBEGIN[0m
  ↳ app/controllers/posts_controller.rb:15
  [1m[36mPost Exists (0.6ms)[0m  [1m[34mSELECT  1 AS one FROM "posts" WHERE "posts"."url" = $1 LIMIT $2[0m  [["url", "cool"], ["LIMIT", 1]]
  ↳ app/controllers/posts_controller.rb:15
  [1m[36mSub Load (0.5ms)[0m  [1m[34mSELECT  "subs".* FROM "subs" WHERE "subs"."id" = $1 LIMIT $2[0m  [["id", 1], ["LIMIT", 1]]
  ↳ app/controllers/posts_controller.rb:15
  [1m[36mUser Load (0.4ms)[0m  [1m[34mSELECT  "users".* FROM "users" WHERE "users"."id" = $1 LIMIT $2[0m  [["id", 1], ["LIMIT", 1]]
  ↳ app/controllers/posts_controller.rb:15
  [1m[36mPost Create (0.9ms)[0m  [1m[32mINSERT INTO "posts" ("title", "url", "content", "sub_id", "user_id", "created_at", "updated_at") VALUES ($1, $2, $3, $4, $5, $6, $7) RETURNING "id"[0m  [["title", "J"], ["url", "cool"], ["content", "hi"], ["sub_id", 1], ["user_id", 1], ["created_at", "2019-10-07 23:54:38.065641"], ["updated_at", "2019-10-07 23:54:38.065641"]]
  ↳ app/controllers/posts_controller.rb:15
  [1m[35m (2.0ms)[0m  [1m[35mCOMMIT[0m
  ↳ app/controllers/posts_controller.rb:15
Redirected to http://localhost:3000/subs/1/posts/2
Completed 302 Found in 39ms (ActiveRecord: 10.6ms)


Started GET "/subs/1/posts/2" for ::1 at 2019-10-07 16:54:38 -0700
Processing by PostsController#show as HTML
  Parameters: {"sub_id"=>"1", "id"=>"2"}
  [1m[36mUser Load (0.3ms)[0m  [1m[34mSELECT  "users".* FROM "users" WHERE "users"."session_token" = $1 LIMIT $2[0m  [["session_token", "R40OWii3K3HinnwhdHZzDg"], ["LIMIT", 1]]
  ↳ app/controllers/application_controller.rb:7
  [1m[36mPost Load (0.5ms)[0m  [1m[34mSELECT  "posts".* FROM "posts" WHERE "posts"."id" = $1 LIMIT $2[0m  [["id", 2], ["LIMIT", 1]]
  ↳ app/controllers/posts_controller.rb:24
Completed 500 Internal Server Error in 8ms (ActiveRecord: 0.8ms)


  
ActionView::MissingTemplate (Missing template posts/show, application/show with {:locale=>[:en], :formats=>[:html], :variants=>[], :handlers=>[:raw, :erb, :html, :builder, :ruby, :jbuilder]}. Searched in:
  * "/Users/appacademy/Downloads/W8D1/RedditClone/app/views"
):
  
app/controllers/posts_controller.rb:25:in `show'
Started GET "/subs/1/posts/2" for ::1 at 2019-10-07 16:57:56 -0700
Processing by PostsController#show as HTML
  Parameters: {"sub_id"=>"1", "id"=>"2"}
  [1m[36mUser Load (0.4ms)[0m  [1m[34mSELECT  "users".* FROM "users" WHERE "users"."session_token" = $1 LIMIT $2[0m  [["session_token", "R40OWii3K3HinnwhdHZzDg"], ["LIMIT", 1]]
  ↳ app/controllers/application_controller.rb:7
  [1m[36mPost Load (0.5ms)[0m  [1m[34mSELECT  "posts".* FROM "posts" WHERE "posts"."id" = $1 LIMIT $2[0m  [["id", 2], ["LIMIT", 1]]
  ↳ app/controllers/posts_controller.rb:24
  Rendering posts/show.html.erb within layouts/application
  Rendered posts/show.html.erb within layouts/application (3.8ms)
Completed 500 Internal Server Error in 12ms (ActiveRecord: 1.0ms)


  
ActionView::Template::Error (undefined method `each' for nil:NilClass):
    1: Post show
    2: 
    3: <% @posts.each do |post| %>
    4:   <li>
    5:     <%= post.title %>
    6:     <%= post.url %>
  
app/views/posts/show.html.erb:3:in `_app_views_posts_show_html_erb___1184757902797550971_70365780658120'
app/controllers/posts_controller.rb:25:in `show'
Started GET "/subs/1/posts/2" for ::1 at 2019-10-07 16:59:06 -0700
Processing by PostsController#show as HTML
  Parameters: {"sub_id"=>"1", "id"=>"2"}
  [1m[36mUser Load (0.4ms)[0m  [1m[34mSELECT  "users".* FROM "users" WHERE "users"."session_token" = $1 LIMIT $2[0m  [["session_token", "R40OWii3K3HinnwhdHZzDg"], ["LIMIT", 1]]
  ↳ app/controllers/application_controller.rb:7
  [1m[36mPost Load (0.4ms)[0m  [1m[34mSELECT  "posts".* FROM "posts" WHERE "posts"."id" = $1 LIMIT $2[0m  [["id", 2], ["LIMIT", 1]]
  ↳ app/controllers/posts_controller.rb:24
  Rendering posts/show.html.erb within layouts/application
  [1m[36mUser Load (0.4ms)[0m  [1m[34mSELECT  "users".* FROM "users" WHERE "users"."id" = $1 LIMIT $2[0m  [["id", 1], ["LIMIT", 1]]
  ↳ app/views/posts/show.html.erb:7
  Rendered posts/show.html.erb within layouts/application (2.5ms)
Completed 200 OK in 11ms (Views: 7.1ms | ActiveRecord: 1.2ms)


Started GET "/subs/1/posts/2" for ::1 at 2019-10-07 16:59:17 -0700
Processing by PostsController#show as HTML
  Parameters: {"sub_id"=>"1", "id"=>"2"}
  [1m[36mUser Load (0.4ms)[0m  [1m[34mSELECT  "users".* FROM "users" WHERE "users"."session_token" = $1 LIMIT $2[0m  [["session_token", "R40OWii3K3HinnwhdHZzDg"], ["LIMIT", 1]]
  ↳ app/controllers/application_controller.rb:7
  [1m[36mPost Load (0.6ms)[0m  [1m[34mSELECT  "posts".* FROM "posts" WHERE "posts"."id" = $1 LIMIT $2[0m  [["id", 2], ["LIMIT", 1]]
  ↳ app/controllers/posts_controller.rb:24
  Rendering posts/show.html.erb within layouts/application
  [1m[36mUser Load (0.3ms)[0m  [1m[34mSELECT  "users".* FROM "users" WHERE "users"."id" = $1 LIMIT $2[0m  [["id", 1], ["LIMIT", 1]]
  ↳ app/views/posts/show.html.erb:7
  Rendered posts/show.html.erb within layouts/application (2.5ms)
Completed 200 OK in 12ms (Views: 8.0ms | ActiveRecord: 1.3ms)


